{"/Users/sachinbamotriya/Desktop/WebDevelopment/employee-TDD/app.js": {"path":"/Users/sachinbamotriya/Desktop/WebDevelopment/employee-TDD/app.js","statementMap":{"0":{"start":{"line":1,"column":16},"end":{"line":1,"column":34}},"1":{"start":{"line":2,"column":12},"end":{"line":2,"column":21}},"2":{"start":{"line":3,"column":16},"end":{"line":3,"column":52}},"3":{"start":{"line":4,"column":23},"end":{"line":4,"column":58}},"4":{"start":{"line":6,"column":0},"end":{"line":6,"column":18}},"5":{"start":{"line":8,"column":0},"end":{"line":8,"column":24}},"6":{"start":{"line":9,"column":0},"end":{"line":9,"column":37}},"7":{"start":{"line":10,"column":0},"end":{"line":12,"column":3}},"8":{"start":{"line":11,"column":4},"end":{"line":11,"column":53}},"9":{"start":{"line":14,"column":0},"end":{"line":16,"column":3}},"10":{"start":{"line":15,"column":4},"end":{"line":15,"column":28}},"11":{"start":{"line":18,"column":0},"end":{"line":18,"column":21}}},"fnMap":{"0":{"name":"(anonymous_0)","decl":{"start":{"line":10,"column":8},"end":{"line":10,"column":9}},"loc":{"start":{"line":10,"column":35},"end":{"line":12,"column":1}},"line":10},"1":{"name":"(anonymous_1)","decl":{"start":{"line":14,"column":13},"end":{"line":14,"column":14}},"loc":{"start":{"line":14,"column":27},"end":{"line":16,"column":1}},"line":14}},"branchMap":{},"s":{"0":1,"1":1,"2":1,"3":1,"4":1,"5":1,"6":1,"7":1,"8":1,"9":1,"10":0,"11":1},"f":{"0":1,"1":0},"b":{},"_coverageSchema":"1a1c01bbd47fc00a2c39e90264f33305004495a9","hash":"6e9bcfd086ab539a5435387a5b809d0abd8f98d1"}
,"/Users/sachinbamotriya/Desktop/WebDevelopment/employee-TDD/controllers/employee.controller.js": {"path":"/Users/sachinbamotriya/Desktop/WebDevelopment/employee-TDD/controllers/employee.controller.js","statementMap":{"0":{"start":{"line":1,"column":22},"end":{"line":1,"column":57}},"1":{"start":{"line":3,"column":0},"end":{"line":10,"column":2}},"2":{"start":{"line":4,"column":4},"end":{"line":9,"column":5}},"3":{"start":{"line":5,"column":29},"end":{"line":5,"column":65}},"4":{"start":{"line":6,"column":8},"end":{"line":6,"column":43}},"5":{"start":{"line":8,"column":8},"end":{"line":8,"column":18}},"6":{"start":{"line":13,"column":0},"end":{"line":20,"column":2}},"7":{"start":{"line":14,"column":4},"end":{"line":19,"column":5}},"8":{"start":{"line":15,"column":29},"end":{"line":15,"column":57}},"9":{"start":{"line":16,"column":8},"end":{"line":16,"column":43}},"10":{"start":{"line":18,"column":8},"end":{"line":18,"column":18}},"11":{"start":{"line":22,"column":0},"end":{"line":33,"column":2}},"12":{"start":{"line":23,"column":4},"end":{"line":32,"column":5}},"13":{"start":{"line":24,"column":30},"end":{"line":24,"column":73}},"14":{"start":{"line":25,"column":8},"end":{"line":29,"column":9}},"15":{"start":{"line":26,"column":12},"end":{"line":26,"column":48}},"16":{"start":{"line":28,"column":12},"end":{"line":28,"column":35}},"17":{"start":{"line":31,"column":8},"end":{"line":31,"column":18}},"18":{"start":{"line":36,"column":0},"end":{"line":50,"column":2}},"19":{"start":{"line":37,"column":4},"end":{"line":49,"column":5}},"20":{"start":{"line":38,"column":32},"end":{"line":41,"column":9}},"21":{"start":{"line":42,"column":8},"end":{"line":46,"column":9}},"22":{"start":{"line":43,"column":12},"end":{"line":43,"column":50}},"23":{"start":{"line":45,"column":12},"end":{"line":45,"column":35}},"24":{"start":{"line":48,"column":8},"end":{"line":48,"column":18}},"25":{"start":{"line":51,"column":0},"end":{"line":62,"column":2}},"26":{"start":{"line":52,"column":4},"end":{"line":61,"column":5}},"27":{"start":{"line":53,"column":32},"end":{"line":53,"column":84}},"28":{"start":{"line":54,"column":8},"end":{"line":58,"column":9}},"29":{"start":{"line":55,"column":12},"end":{"line":55,"column":50}},"30":{"start":{"line":57,"column":12},"end":{"line":57,"column":57}},"31":{"start":{"line":60,"column":8},"end":{"line":60,"column":18}}},"fnMap":{"0":{"name":"(anonymous_0)","decl":{"start":{"line":3,"column":25},"end":{"line":3,"column":26}},"loc":{"start":{"line":3,"column":50},"end":{"line":10,"column":1}},"line":3},"1":{"name":"(anonymous_1)","decl":{"start":{"line":13,"column":23},"end":{"line":13,"column":24}},"loc":{"start":{"line":13,"column":48},"end":{"line":20,"column":1}},"line":13},"2":{"name":"(anonymous_2)","decl":{"start":{"line":22,"column":26},"end":{"line":22,"column":27}},"loc":{"start":{"line":22,"column":51},"end":{"line":33,"column":1}},"line":22},"3":{"name":"(anonymous_3)","decl":{"start":{"line":36,"column":25},"end":{"line":36,"column":26}},"loc":{"start":{"line":36,"column":50},"end":{"line":50,"column":1}},"line":36},"4":{"name":"(anonymous_4)","decl":{"start":{"line":51,"column":25},"end":{"line":51,"column":26}},"loc":{"start":{"line":51,"column":50},"end":{"line":62,"column":1}},"line":51}},"branchMap":{"0":{"loc":{"start":{"line":25,"column":8},"end":{"line":29,"column":9}},"type":"if","locations":[{"start":{"line":25,"column":8},"end":{"line":29,"column":9}},{"start":{"line":27,"column":15},"end":{"line":29,"column":9}}],"line":25},"1":{"loc":{"start":{"line":42,"column":8},"end":{"line":46,"column":9}},"type":"if","locations":[{"start":{"line":42,"column":8},"end":{"line":46,"column":9}},{"start":{"line":44,"column":15},"end":{"line":46,"column":9}}],"line":42},"2":{"loc":{"start":{"line":54,"column":8},"end":{"line":58,"column":9}},"type":"if","locations":[{"start":{"line":54,"column":8},"end":{"line":58,"column":9}},{"start":{"line":56,"column":15},"end":{"line":58,"column":9}}],"line":54}},"s":{"0":2,"1":2,"2":5,"3":5,"4":3,"5":2,"6":2,"7":4,"8":4,"9":3,"10":1,"11":2,"12":7,"13":7,"14":6,"15":2,"16":4,"17":1,"18":2,"19":1,"20":1,"21":1,"22":0,"23":1,"24":0,"25":2,"26":5,"27":5,"28":4,"29":1,"30":3,"31":1},"f":{"0":5,"1":4,"2":7,"3":1,"4":5},"b":{"0":[2,4],"1":[0,1],"2":[1,3]},"_coverageSchema":"1a1c01bbd47fc00a2c39e90264f33305004495a9","hash":"cc8a45a29f5d87f35c2b3112221bbbaa57845dab"}
,"/Users/sachinbamotriya/Desktop/WebDevelopment/employee-TDD/models/employee.model.js": {"path":"/Users/sachinbamotriya/Desktop/WebDevelopment/employee-TDD/models/employee.model.js","statementMap":{"0":{"start":{"line":1,"column":17},"end":{"line":1,"column":36}},"1":{"start":{"line":2,"column":23},"end":{"line":20,"column":2}},"2":{"start":{"line":21,"column":22},"end":{"line":21,"column":64}},"3":{"start":{"line":22,"column":0},"end":{"line":22,"column":31}}},"fnMap":{},"branchMap":{},"s":{"0":2,"1":2,"2":2,"3":2},"f":{},"b":{},"_coverageSchema":"1a1c01bbd47fc00a2c39e90264f33305004495a9","hash":"8e60cb095c313e1f92708b7a468a2e289759de35"}
,"/Users/sachinbamotriya/Desktop/WebDevelopment/employee-TDD/mongodb/mongodb.connect.js": {"path":"/Users/sachinbamotriya/Desktop/WebDevelopment/employee-TDD/mongodb/mongodb.connect.js","statementMap":{"0":{"start":{"line":1,"column":17},"end":{"line":1,"column":36}},"1":{"start":{"line":4,"column":4},"end":{"line":9,"column":5}},"2":{"start":{"line":5,"column":8},"end":{"line":5,"column":123}},"3":{"start":{"line":8,"column":8},"end":{"line":8,"column":56}},"4":{"start":{"line":12,"column":0},"end":{"line":12,"column":29}}},"fnMap":{"0":{"name":"connect","decl":{"start":{"line":3,"column":15},"end":{"line":3,"column":22}},"loc":{"start":{"line":3,"column":25},"end":{"line":10,"column":1}},"line":3}},"branchMap":{},"s":{"0":1,"1":1,"2":1,"3":0,"4":1},"f":{"0":1},"b":{},"_coverageSchema":"1a1c01bbd47fc00a2c39e90264f33305004495a9","hash":"f3abd0ab024acdfe4d74253882928c5b310337c0"}
,"/Users/sachinbamotriya/Desktop/WebDevelopment/employee-TDD/routes/employee.routes.js": {"path":"/Users/sachinbamotriya/Desktop/WebDevelopment/employee-TDD/routes/employee.routes.js","statementMap":{"0":{"start":{"line":1,"column":16},"end":{"line":1,"column":34}},"1":{"start":{"line":2,"column":27},"end":{"line":2,"column":72}},"2":{"start":{"line":3,"column":15},"end":{"line":3,"column":31}},"3":{"start":{"line":5,"column":0},"end":{"line":5,"column":52}},"4":{"start":{"line":6,"column":0},"end":{"line":6,"column":49}},"5":{"start":{"line":7,"column":0},"end":{"line":7,"column":55}},"6":{"start":{"line":8,"column":0},"end":{"line":8,"column":54}},"7":{"start":{"line":9,"column":0},"end":{"line":9,"column":57}},"8":{"start":{"line":10,"column":0},"end":{"line":10,"column":24}}},"fnMap":{},"branchMap":{},"s":{"0":1,"1":1,"2":1,"3":1,"4":1,"5":1,"6":1,"7":1,"8":1},"f":{},"b":{},"_coverageSchema":"1a1c01bbd47fc00a2c39e90264f33305004495a9","hash":"3c35d79f8f017ef56ad006c4c28cff31dc14b269"}
}
